<?xml version="1.0" encoding="UTF-8"?>
<!-- Generated by org.testng.reporters.JUnitXMLReporter -->
<testsuite hostname="DESKTOP-0J0CIBG" ignored="0" name="Regression" tests="1" failures="0" timestamp="2020-02-09T23:03:17 EST" time="0.089" errors="0">
  <testcase name="@BeforeMethod launchApp" time="-1.581307397509E9" classname="generic.BaseTest">
    <failure type="org.testng.TestNGException" message="
Can inject only one of &amp;lt;ITestContext, XmlTest, Method, Object[], ITestResult&amp;gt; into a @BeforeMethod annotated launchApp.
For more information on native dependency injection please refer to http://testng.org/doc/documentation-main.html#native-dependency-injection">
      <![CDATA[org.testng.TestNGException: 
Can inject only one of <ITestContext, XmlTest, Method, Object[], ITestResult> into a @BeforeMethod annotated launchApp.
For more information on native dependency injection please refer to http://testng.org/doc/documentation-main.html#native-dependency-injection
at java.util.ArrayList.forEach(Unknown Source)
... Removed 28 stack frames]]>
    </failure>
  </testcase> <!-- @BeforeMethod launchApp -->
  <testcase name="TC_01_Login" time="0.0" classname="testscript.CheckOut">
    <skipped/>
  </testcase> <!-- TC_01_Login -->
</testsuite> <!-- Regression -->
